<?xml version="1.0" encoding="UTF-8"?>
<!-- Generated by org.testng.reporters.JUnitReportReporter -->
<testsuite hostname="CPX-BGL07PNBN0D" failures="0" tests="2" name="Runner.RunnerMain" time="11.087" errors="0" timestamp="2022-01-02T14:31:36 BRT" skipped="0">
  <testcase classname="Runner.RunnerMain" name="runScenario" time="5.537"/>
  <system-out/>
  <testcase classname="Runner.RunnerMain" name="runScenario" time="5.550"/>
  <system-out/>
</testsuite> <!-- Runner.RunnerMain -->
